<?xml version="1.0" encoding="UTF-8"?>
<!-- Generated by org.testng.reporters.JUnitReportReporter -->
<testsuite hostname="LAPTOP-CED8IJSV" failures="0" tests="1" name="org.sample_maven.practice.ScriptFourTest" time="0.015" errors="0" timestamp="20 Jul 2022 18:09:50 GMT">
  <testcase classname="org.sample_maven.practice.ScriptFourTest" name="fourthMethod" time="0.015"/>
</testsuite> <!-- org.sample_maven.practice.ScriptFourTest -->
